<?xml version="1.0" encoding="UTF-8"?>
<coverage generated="1660262255576" clover="3.2.0">
  <project timestamp="1660262255577" name="All files">
    <metrics statements="84" coveredstatements="80" conditionals="26" coveredconditionals="21" methods="18" coveredmethods="17" elements="128" coveredelements="118" complexity="0" loc="84" ncloc="84" packages="1" files="2" classes="2"/>
    <file name="_testCommon.js" path="/home/stevan/springBoard/RhymingGame/backend/models/_testCommon.js">
      <metrics statements="11" coveredstatements="11" conditionals="0" coveredconditionals="0" methods="4" coveredmethods="4"/>
      <line num="1" count="1" type="stmt"/>
      <line num="3" count="1" type="stmt"/>
      <line num="4" count="1" type="stmt"/>
      <line num="6" count="1" type="stmt"/>
      <line num="11" count="1" type="stmt"/>
      <line num="12" count="1" type="stmt"/>
      <line num="15" count="1" type="stmt"/>
      <line num="47" count="22" type="stmt"/>
      <line num="51" count="22" type="stmt"/>
      <line num="55" count="1" type="stmt"/>
      <line num="59" count="1" type="stmt"/>
    </file>
    <file name="user.js" path="/home/stevan/springBoard/RhymingGame/backend/models/user.js">
      <metrics statements="73" coveredstatements="69" conditionals="26" coveredconditionals="21" methods="14" coveredmethods="13"/>
      <line num="3" count="1" type="stmt"/>
      <line num="4" count="1" type="stmt"/>
      <line num="9" count="1" type="stmt"/>
      <line num="11" count="1" type="stmt"/>
      <line num="25" count="3" type="stmt"/>
      <line num="35" count="3" type="stmt"/>
      <line num="37" count="3" type="cond" truecount="2" falsecount="0"/>
      <line num="39" count="1" type="stmt"/>
      <line num="40" count="1" type="cond" truecount="1" falsecount="1"/>
      <line num="41" count="1" type="stmt"/>
      <line num="42" count="1" type="stmt"/>
      <line num="46" count="2" type="stmt"/>
      <line num="58" count="4" type="stmt"/>
      <line num="65" count="4" type="cond" truecount="2" falsecount="0"/>
      <line num="66" count="1" type="stmt"/>
      <line num="69" count="3" type="stmt"/>
      <line num="71" count="3" type="stmt"/>
      <line num="87" count="3" type="stmt"/>
      <line num="89" count="3" type="stmt"/>
      <line num="98" count="8" type="stmt"/>
      <line num="113" count="8" type="stmt"/>
      <line num="125" count="18" type="stmt"/>
      <line num="141" count="18" type="stmt"/>
      <line num="143" count="18" type="cond" truecount="2" falsecount="0"/>
      <line num="145" count="16" type="stmt"/>
      <line num="149" count="1" type="stmt"/>
      <line num="165" count="1" type="stmt"/>
      <line num="167" count="1" type="cond" truecount="1" falsecount="1"/>
      <line num="169" count="1" type="stmt"/>
      <line num="176" count="2" type="stmt"/>
      <line num="183" count="2" type="stmt"/>
      <line num="185" count="2" type="cond" truecount="2" falsecount="0"/>
      <line num="190" count="8" type="cond" truecount="2" falsecount="0"/>
      <line num="192" count="7" type="stmt"/>
      <line num="196" count="7" type="cond" truecount="2" falsecount="0"/>
      <line num="197" count="1" type="stmt"/>
      <line num="200" count="6" type="stmt"/>
      <line num="210" count="6" type="stmt"/>
      <line num="218" count="6" type="stmt"/>
      <line num="229" count="6" type="cond" truecount="2" falsecount="0"/>
      <line num="230" count="4" type="stmt"/>
      <line num="232" count="2" type="stmt"/>
      <line num="238" count="0" type="stmt"/>
      <line num="245" count="0" type="stmt"/>
      <line num="253" count="2" type="stmt"/>
      <line num="268" count="2" type="stmt"/>
      <line num="273" count="2" type="stmt"/>
      <line num="279" count="2" type="cond" truecount="1" falsecount="1"/>
      <line num="280" count="2" type="stmt"/>
      <line num="282" count="0" type="stmt"/>
      <line num="291" count="1" type="stmt"/>
      <line num="297" count="1" type="cond" truecount="1" falsecount="1"/>
      <line num="298" count="1" type="stmt"/>
      <line num="300" count="0" type="stmt"/>
      <line num="308" count="2" type="stmt"/>
      <line num="309" count="2" type="cond" truecount="1" falsecount="1"/>
      <line num="311" count="2" type="stmt"/>
      <line num="312" count="2" type="stmt"/>
      <line num="315" count="2" type="stmt"/>
      <line num="316" count="2" type="stmt"/>
      <line num="317" count="2" type="stmt"/>
      <line num="318" count="2" type="stmt"/>
      <line num="319" count="2" type="stmt"/>
      <line num="320" count="2" type="stmt"/>
      <line num="321" count="2" type="stmt"/>
      <line num="324" count="2" type="stmt"/>
      <line num="332" count="2" type="stmt"/>
      <line num="339" count="2" type="stmt"/>
      <line num="340" count="2" type="cond" truecount="2" falsecount="0"/>
      <line num="341" count="1" type="stmt"/>
      <line num="348" count="1" type="stmt"/>
      <line num="355" count="2" type="stmt"/>
      <line num="364" count="1" type="stmt"/>
    </file>
  </project>
</coverage>
