{"/home/stevan/springBoard/RhymingGame/backend/models/_testCommon.js": {"path":"/home/stevan/springBoard/RhymingGame/backend/models/_testCommon.js","statementMap":{"0":{"start":{"line":1,"column":15},"end":{"line":1,"column":32}},"1":{"start":{"line":3,"column":11},"end":{"line":3,"column":30}},"2":{"start":{"line":4,"column":31},"end":{"line":4,"column":51}},"3":{"start":{"line":6,"column":19},"end":{"line":6,"column":21}},"4":{"start":{"line":11,"column":2},"end":{"line":11,"column":38}},"5":{"start":{"line":12,"column":2},"end":{"line":12,"column":45}},"6":{"start":{"line":15,"column":2},"end":{"line":42,"column":9}},"7":{"start":{"line":47,"column":2},"end":{"line":47,"column":26}},"8":{"start":{"line":51,"column":2},"end":{"line":51,"column":29}},"9":{"start":{"line":55,"column":2},"end":{"line":55,"column":17}},"10":{"start":{"line":59,"column":0},"end":{"line":65,"column":2}}},"fnMap":{"0":{"name":"commonBeforeAll","decl":{"start":{"line":8,"column":15},"end":{"line":8,"column":30}},"loc":{"start":{"line":8,"column":33},"end":{"line":44,"column":1}},"line":8},"1":{"name":"commonBeforeEach","decl":{"start":{"line":46,"column":15},"end":{"line":46,"column":31}},"loc":{"start":{"line":46,"column":34},"end":{"line":48,"column":1}},"line":46},"2":{"name":"commonAfterEach","decl":{"start":{"line":50,"column":15},"end":{"line":50,"column":30}},"loc":{"start":{"line":50,"column":33},"end":{"line":52,"column":1}},"line":50},"3":{"name":"commonAfterAll","decl":{"start":{"line":54,"column":15},"end":{"line":54,"column":29}},"loc":{"start":{"line":54,"column":32},"end":{"line":56,"column":1}},"line":54}},"branchMap":{},"s":{"0":1,"1":1,"2":1,"3":1,"4":1,"5":1,"6":1,"7":22,"8":22,"9":1,"10":1},"f":{"0":1,"1":22,"2":22,"3":1},"b":{},"_coverageSchema":"1a1c01bbd47fc00a2c39e90264f33305004495a9","hash":"31248efb64ab4139c34e956fe4a8ab9a0e781d1e"}
,"/home/stevan/springBoard/RhymingGame/backend/models/user.js": {"path":"/home/stevan/springBoard/RhymingGame/backend/models/user.js","statementMap":{"0":{"start":{"line":3,"column":11},"end":{"line":3,"column":27}},"1":{"start":{"line":4,"column":15},"end":{"line":4,"column":32}},"2":{"start":{"line":9,"column":4},"end":{"line":9,"column":38}},"3":{"start":{"line":11,"column":31},"end":{"line":11,"column":54}},"4":{"start":{"line":25,"column":19},"end":{"line":33,"column":5}},"5":{"start":{"line":35,"column":17},"end":{"line":35,"column":31}},"6":{"start":{"line":37,"column":4},"end":{"line":44,"column":5}},"7":{"start":{"line":39,"column":22},"end":{"line":39,"column":67}},"8":{"start":{"line":40,"column":6},"end":{"line":43,"column":7}},"9":{"start":{"line":41,"column":8},"end":{"line":41,"column":29}},"10":{"start":{"line":42,"column":8},"end":{"line":42,"column":20}},"11":{"start":{"line":46,"column":4},"end":{"line":46,"column":61}},"12":{"start":{"line":58,"column":27},"end":{"line":63,"column":5}},"13":{"start":{"line":65,"column":4},"end":{"line":67,"column":5}},"14":{"start":{"line":66,"column":6},"end":{"line":66,"column":67}},"15":{"start":{"line":69,"column":27},"end":{"line":69,"column":74}},"16":{"start":{"line":71,"column":19},"end":{"line":85,"column":5}},"17":{"start":{"line":87,"column":17},"end":{"line":87,"column":31}},"18":{"start":{"line":89,"column":4},"end":{"line":89,"column":16}},"19":{"start":{"line":98,"column":19},"end":{"line":111,"column":5}},"20":{"start":{"line":113,"column":4},"end":{"line":113,"column":23}},"21":{"start":{"line":125,"column":20},"end":{"line":139,"column":5}},"22":{"start":{"line":141,"column":17},"end":{"line":141,"column":32}},"23":{"start":{"line":143,"column":4},"end":{"line":143,"column":63}},"24":{"start":{"line":143,"column":15},"end":{"line":143,"column":63}},"25":{"start":{"line":145,"column":4},"end":{"line":145,"column":16}},"26":{"start":{"line":149,"column":20},"end":{"line":163,"column":5}},"27":{"start":{"line":165,"column":17},"end":{"line":165,"column":32}},"28":{"start":{"line":167,"column":4},"end":{"line":167,"column":50}},"29":{"start":{"line":167,"column":15},"end":{"line":167,"column":50}},"30":{"start":{"line":169,"column":4},"end":{"line":169,"column":16}},"31":{"start":{"line":176,"column":17},"end":{"line":182,"column":5}},"32":{"start":{"line":183,"column":17},"end":{"line":183,"column":31}},"33":{"start":{"line":185,"column":4},"end":{"line":185,"column":63}},"34":{"start":{"line":185,"column":15},"end":{"line":185,"column":63}},"35":{"start":{"line":190,"column":4},"end":{"line":190,"column":82}},"36":{"start":{"line":190,"column":23},"end":{"line":190,"column":82}},"37":{"start":{"line":192,"column":25},"end":{"line":195,"column":5}},"38":{"start":{"line":196,"column":4},"end":{"line":198,"column":5}},"39":{"start":{"line":197,"column":6},"end":{"line":197,"column":56}},"40":{"start":{"line":200,"column":18},"end":{"line":209,"column":5}},"41":{"start":{"line":210,"column":4},"end":{"line":210,"column":26}},"42":{"start":{"line":218,"column":18},"end":{"line":228,"column":5}},"43":{"start":{"line":229,"column":4},"end":{"line":233,"column":5}},"44":{"start":{"line":230,"column":6},"end":{"line":230,"column":25}},"45":{"start":{"line":232,"column":6},"end":{"line":232,"column":16}},"46":{"start":{"line":238,"column":19},"end":{"line":243,"column":19}},"47":{"start":{"line":245,"column":4},"end":{"line":245,"column":22}},"48":{"start":{"line":253,"column":18},"end":{"line":267,"column":18}},"49":{"start":{"line":268,"column":6},"end":{"line":268,"column":25}},"50":{"start":{"line":273,"column":20},"end":{"line":278,"column":7}},"51":{"start":{"line":279,"column":6},"end":{"line":283,"column":7}},"52":{"start":{"line":280,"column":6},"end":{"line":280,"column":40}},"53":{"start":{"line":282,"column":6},"end":{"line":282,"column":51}},"54":{"start":{"line":291,"column":18},"end":{"line":296,"column":5}},"55":{"start":{"line":297,"column":4},"end":{"line":301,"column":5}},"56":{"start":{"line":298,"column":6},"end":{"line":298,"column":32}},"57":{"start":{"line":300,"column":6},"end":{"line":300,"column":51}},"58":{"start":{"line":308,"column":15},"end":{"line":308,"column":39}},"59":{"start":{"line":309,"column":4},"end":{"line":309,"column":39}},"60":{"start":{"line":309,"column":14},"end":{"line":309,"column":39}},"61":{"start":{"line":311,"column":18},"end":{"line":311,"column":28}},"62":{"start":{"line":312,"column":18},"end":{"line":312,"column":42}},"63":{"start":{"line":315,"column":17},"end":{"line":315,"column":43}},"64":{"start":{"line":316,"column":29},"end":{"line":316,"column":41}},"65":{"start":{"line":317,"column":4},"end":{"line":322,"column":5}},"66":{"start":{"line":318,"column":6},"end":{"line":318,"column":16}},"67":{"start":{"line":319,"column":6},"end":{"line":319,"column":55}},"68":{"start":{"line":320,"column":6},"end":{"line":320,"column":41}},"69":{"start":{"line":321,"column":6},"end":{"line":321,"column":40}},"70":{"start":{"line":324,"column":4},"end":{"line":331,"column":5}},"71":{"start":{"line":332,"column":4},"end":{"line":332,"column":35}},"72":{"start":{"line":339,"column":19},"end":{"line":339,"column":43}},"73":{"start":{"line":340,"column":6},"end":{"line":354,"column":7}},"74":{"start":{"line":341,"column":8},"end":{"line":346,"column":51}},"75":{"start":{"line":348,"column":8},"end":{"line":352,"column":44}},"76":{"start":{"line":355,"column":4},"end":{"line":355,"column":35}},"77":{"start":{"line":364,"column":0},"end":{"line":364,"column":22}}},"fnMap":{"0":{"name":"(anonymous_0)","decl":{"start":{"line":23,"column":2},"end":{"line":23,"column":3}},"loc":{"start":{"line":23,"column":48},"end":{"line":47,"column":3}},"line":23},"1":{"name":"(anonymous_1)","decl":{"start":{"line":56,"column":2},"end":{"line":56,"column":3}},"loc":{"start":{"line":57,"column":45},"end":{"line":90,"column":3}},"line":57},"2":{"name":"(anonymous_2)","decl":{"start":{"line":97,"column":2},"end":{"line":97,"column":3}},"loc":{"start":{"line":97,"column":25},"end":{"line":114,"column":3}},"line":97},"3":{"name":"(anonymous_3)","decl":{"start":{"line":124,"column":2},"end":{"line":124,"column":3}},"loc":{"start":{"line":124,"column":29},"end":{"line":146,"column":3}},"line":124},"4":{"name":"(anonymous_4)","decl":{"start":{"line":148,"column":2},"end":{"line":148,"column":3}},"loc":{"start":{"line":148,"column":27},"end":{"line":170,"column":3}},"line":148},"5":{"name":"(anonymous_5)","decl":{"start":{"line":175,"column":2},"end":{"line":175,"column":3}},"loc":{"start":{"line":175,"column":32},"end":{"line":186,"column":3}},"line":175},"6":{"name":"(anonymous_6)","decl":{"start":{"line":189,"column":2},"end":{"line":189,"column":3}},"loc":{"start":{"line":189,"column":46},"end":{"line":212,"column":3}},"line":189},"7":{"name":"(anonymous_7)","decl":{"start":{"line":216,"column":2},"end":{"line":216,"column":3}},"loc":{"start":{"line":216,"column":39},"end":{"line":234,"column":3}},"line":216},"8":{"name":"(anonymous_8)","decl":{"start":{"line":237,"column":2},"end":{"line":237,"column":3}},"loc":{"start":{"line":237,"column":41},"end":{"line":247,"column":3}},"line":237},"9":{"name":"(anonymous_9)","decl":{"start":{"line":252,"column":2},"end":{"line":252,"column":3}},"loc":{"start":{"line":252,"column":37},"end":{"line":269,"column":3}},"line":252},"10":{"name":"(anonymous_10)","decl":{"start":{"line":272,"column":2},"end":{"line":272,"column":3}},"loc":{"start":{"line":272,"column":35},"end":{"line":284,"column":3}},"line":272},"11":{"name":"(anonymous_11)","decl":{"start":{"line":290,"column":2},"end":{"line":290,"column":3}},"loc":{"start":{"line":290,"column":35},"end":{"line":302,"column":3}},"line":290},"12":{"name":"(anonymous_12)","decl":{"start":{"line":307,"column":2},"end":{"line":307,"column":3}},"loc":{"start":{"line":307,"column":36},"end":{"line":333,"column":3}},"line":307},"13":{"name":"(anonymous_13)","decl":{"start":{"line":338,"column":1},"end":{"line":338,"column":2}},"loc":{"start":{"line":338,"column":51},"end":{"line":358,"column":2}},"line":338}},"branchMap":{"0":{"loc":{"start":{"line":37,"column":4},"end":{"line":44,"column":5}},"type":"if","locations":[{"start":{"line":37,"column":4},"end":{"line":44,"column":5}},{"start":{},"end":{}}],"line":37},"1":{"loc":{"start":{"line":40,"column":6},"end":{"line":43,"column":7}},"type":"if","locations":[{"start":{"line":40,"column":6},"end":{"line":43,"column":7}},{"start":{},"end":{}}],"line":40},"2":{"loc":{"start":{"line":65,"column":4},"end":{"line":67,"column":5}},"type":"if","locations":[{"start":{"line":65,"column":4},"end":{"line":67,"column":5}},{"start":{},"end":{}}],"line":65},"3":{"loc":{"start":{"line":143,"column":4},"end":{"line":143,"column":63}},"type":"if","locations":[{"start":{"line":143,"column":4},"end":{"line":143,"column":63}},{"start":{},"end":{}}],"line":143},"4":{"loc":{"start":{"line":167,"column":4},"end":{"line":167,"column":50}},"type":"if","locations":[{"start":{"line":167,"column":4},"end":{"line":167,"column":50}},{"start":{},"end":{}}],"line":167},"5":{"loc":{"start":{"line":185,"column":4},"end":{"line":185,"column":63}},"type":"if","locations":[{"start":{"line":185,"column":4},"end":{"line":185,"column":63}},{"start":{},"end":{}}],"line":185},"6":{"loc":{"start":{"line":190,"column":4},"end":{"line":190,"column":82}},"type":"if","locations":[{"start":{"line":190,"column":4},"end":{"line":190,"column":82}},{"start":{},"end":{}}],"line":190},"7":{"loc":{"start":{"line":196,"column":4},"end":{"line":198,"column":5}},"type":"if","locations":[{"start":{"line":196,"column":4},"end":{"line":198,"column":5}},{"start":{},"end":{}}],"line":196},"8":{"loc":{"start":{"line":229,"column":4},"end":{"line":233,"column":5}},"type":"if","locations":[{"start":{"line":229,"column":4},"end":{"line":233,"column":5}},{"start":{"line":231,"column":9},"end":{"line":233,"column":5}}],"line":229},"9":{"loc":{"start":{"line":279,"column":6},"end":{"line":283,"column":7}},"type":"if","locations":[{"start":{"line":279,"column":6},"end":{"line":283,"column":7}},{"start":{"line":281,"column":11},"end":{"line":283,"column":7}}],"line":279},"10":{"loc":{"start":{"line":297,"column":4},"end":{"line":301,"column":5}},"type":"if","locations":[{"start":{"line":297,"column":4},"end":{"line":301,"column":5}},{"start":{"line":299,"column":9},"end":{"line":301,"column":5}}],"line":297},"11":{"loc":{"start":{"line":309,"column":4},"end":{"line":309,"column":39}},"type":"if","locations":[{"start":{"line":309,"column":4},"end":{"line":309,"column":39}},{"start":{},"end":{}}],"line":309},"12":{"loc":{"start":{"line":340,"column":6},"end":{"line":354,"column":7}},"type":"if","locations":[{"start":{"line":340,"column":6},"end":{"line":354,"column":7}},{"start":{"line":347,"column":11},"end":{"line":354,"column":7}}],"line":340}},"s":{"0":1,"1":1,"2":1,"3":1,"4":3,"5":3,"6":3,"7":1,"8":1,"9":1,"10":1,"11":2,"12":4,"13":4,"14":1,"15":3,"16":3,"17":3,"18":3,"19":8,"20":8,"21":18,"22":18,"23":18,"24":2,"25":16,"26":1,"27":1,"28":1,"29":0,"30":1,"31":2,"32":2,"33":2,"34":1,"35":8,"36":1,"37":7,"38":7,"39":1,"40":6,"41":6,"42":6,"43":6,"44":4,"45":2,"46":0,"47":0,"48":2,"49":2,"50":2,"51":2,"52":2,"53":0,"54":1,"55":1,"56":1,"57":0,"58":2,"59":2,"60":0,"61":2,"62":2,"63":2,"64":2,"65":2,"66":2,"67":2,"68":2,"69":2,"70":2,"71":2,"72":2,"73":2,"74":1,"75":1,"76":2,"77":1},"f":{"0":3,"1":4,"2":8,"3":18,"4":1,"5":2,"6":8,"7":6,"8":0,"9":2,"10":2,"11":1,"12":2,"13":2},"b":{"0":[1,2],"1":[1,0],"2":[1,3],"3":[2,16],"4":[0,1],"5":[1,1],"6":[1,7],"7":[1,6],"8":[4,2],"9":[2,0],"10":[1,0],"11":[0,2],"12":[1,1]},"_coverageSchema":"1a1c01bbd47fc00a2c39e90264f33305004495a9","hash":"45eabe746d609ba7faa259c8d62b7cb4d374c52a"}
}
