{"/home/stevan/springBoard/RhymingGame/backend/config.js": {"path":"/home/stevan/springBoard/RhymingGame/backend/config.js","statementMap":{"0":{"start":{"line":5,"column":0},"end":{"line":5,"column":27}},"1":{"start":{"line":6,"column":0},"end":{"line":6,"column":18}},"2":{"start":{"line":8,"column":19},"end":{"line":8,"column":57}},"3":{"start":{"line":10,"column":13},"end":{"line":10,"column":38}},"4":{"start":{"line":14,"column":2},"end":{"line":16,"column":92}},"5":{"start":{"line":22,"column":27},"end":{"line":22,"column":67}},"6":{"start":{"line":24,"column":0},"end":{"line":24,"column":35}},"7":{"start":{"line":25,"column":0},"end":{"line":25,"column":46}},"8":{"start":{"line":26,"column":0},"end":{"line":26,"column":45}},"9":{"start":{"line":27,"column":0},"end":{"line":27,"column":61}},"10":{"start":{"line":28,"column":0},"end":{"line":28,"column":50}},"11":{"start":{"line":29,"column":0},"end":{"line":29,"column":19}},"12":{"start":{"line":31,"column":0},"end":{"line":36,"column":2}}},"fnMap":{"0":{"name":"getDatabaseUri","decl":{"start":{"line":13,"column":9},"end":{"line":13,"column":23}},"loc":{"start":{"line":13,"column":26},"end":{"line":17,"column":1}},"line":13}},"branchMap":{"0":{"loc":{"start":{"line":8,"column":19},"end":{"line":8,"column":57}},"type":"binary-expr","locations":[{"start":{"line":8,"column":19},"end":{"line":8,"column":41}},{"start":{"line":8,"column":45},"end":{"line":8,"column":57}}],"line":8},"1":{"loc":{"start":{"line":10,"column":13},"end":{"line":10,"column":38}},"type":"binary-expr","locations":[{"start":{"line":10,"column":13},"end":{"line":10,"column":30}},{"start":{"line":10,"column":34},"end":{"line":10,"column":38}}],"line":10},"2":{"loc":{"start":{"line":14,"column":9},"end":{"line":16,"column":91}},"type":"cond-expr","locations":[{"start":{"line":15,"column":8},"end":{"line":15,"column":68}},{"start":{"line":16,"column":8},"end":{"line":16,"column":91}}],"line":14},"3":{"loc":{"start":{"line":16,"column":8},"end":{"line":16,"column":91}},"type":"binary-expr","locations":[{"start":{"line":16,"column":8},"end":{"line":16,"column":32}},{"start":{"line":16,"column":36},"end":{"line":16,"column":91}}],"line":16},"4":{"loc":{"start":{"line":22,"column":27},"end":{"line":22,"column":67}},"type":"cond-expr","locations":[{"start":{"line":22,"column":61},"end":{"line":22,"column":62}},{"start":{"line":22,"column":65},"end":{"line":22,"column":67}}],"line":22}},"s":{"0":1,"1":1,"2":1,"3":1,"4":2,"5":1,"6":1,"7":1,"8":1,"9":1,"10":1,"11":1,"12":1},"f":{"0":2},"b":{"0":[1,1],"1":[1,1],"2":[2,0],"3":[0,0],"4":[1,0]},"_coverageSchema":"1a1c01bbd47fc00a2c39e90264f33305004495a9","hash":"a3f502e19c58249a9a160976edef9ff0adcc610c"}
,"/home/stevan/springBoard/RhymingGame/backend/db.js": {"path":"/home/stevan/springBoard/RhymingGame/backend/db.js","statementMap":{"0":{"start":{"line":2,"column":19},"end":{"line":2,"column":32}},"1":{"start":{"line":3,"column":27},"end":{"line":3,"column":46}},"2":{"start":{"line":7,"column":0},"end":{"line":18,"column":1}},"3":{"start":{"line":8,"column":2},"end":{"line":13,"column":5}},"4":{"start":{"line":15,"column":2},"end":{"line":17,"column":5}},"5":{"start":{"line":20,"column":0},"end":{"line":20,"column":13}},"6":{"start":{"line":22,"column":0},"end":{"line":22,"column":20}}},"fnMap":{},"branchMap":{"0":{"loc":{"start":{"line":7,"column":0},"end":{"line":18,"column":1}},"type":"if","locations":[{"start":{"line":7,"column":0},"end":{"line":18,"column":1}},{"start":{"line":14,"column":7},"end":{"line":18,"column":1}}],"line":7}},"s":{"0":1,"1":1,"2":1,"3":0,"4":1,"5":1,"6":1},"f":{},"b":{"0":[0,1]},"_coverageSchema":"1a1c01bbd47fc00a2c39e90264f33305004495a9","hash":"6f2fd6935e169009cc6284d23ee9f03ff00936ed"}
,"/home/stevan/springBoard/RhymingGame/backend/helpers/expressError.js": {"path":"/home/stevan/springBoard/RhymingGame/backend/helpers/expressError.js","statementMap":{"0":{"start":{"line":9,"column":4},"end":{"line":9,"column":12}},"1":{"start":{"line":10,"column":4},"end":{"line":10,"column":27}},"2":{"start":{"line":11,"column":4},"end":{"line":11,"column":25}},"3":{"start":{"line":19,"column":4},"end":{"line":19,"column":24}},"4":{"start":{"line":27,"column":4},"end":{"line":27,"column":24}},"5":{"start":{"line":35,"column":4},"end":{"line":35,"column":24}},"6":{"start":{"line":43,"column":4},"end":{"line":43,"column":24}},"7":{"start":{"line":47,"column":0},"end":{"line":53,"column":2}}},"fnMap":{"0":{"name":"(anonymous_0)","decl":{"start":{"line":8,"column":2},"end":{"line":8,"column":3}},"loc":{"start":{"line":8,"column":31},"end":{"line":12,"column":3}},"line":8},"1":{"name":"(anonymous_1)","decl":{"start":{"line":18,"column":2},"end":{"line":18,"column":3}},"loc":{"start":{"line":18,"column":37},"end":{"line":20,"column":3}},"line":18},"2":{"name":"(anonymous_2)","decl":{"start":{"line":26,"column":2},"end":{"line":26,"column":3}},"loc":{"start":{"line":26,"column":40},"end":{"line":28,"column":3}},"line":26},"3":{"name":"(anonymous_3)","decl":{"start":{"line":34,"column":2},"end":{"line":34,"column":3}},"loc":{"start":{"line":34,"column":39},"end":{"line":36,"column":3}},"line":34},"4":{"name":"(anonymous_4)","decl":{"start":{"line":42,"column":2},"end":{"line":42,"column":3}},"loc":{"start":{"line":42,"column":39},"end":{"line":44,"column":3}},"line":42}},"branchMap":{"0":{"loc":{"start":{"line":18,"column":14},"end":{"line":18,"column":35}},"type":"default-arg","locations":[{"start":{"line":18,"column":24},"end":{"line":18,"column":35}}],"line":18},"1":{"loc":{"start":{"line":26,"column":14},"end":{"line":26,"column":38}},"type":"default-arg","locations":[{"start":{"line":26,"column":24},"end":{"line":26,"column":38}}],"line":26},"2":{"loc":{"start":{"line":34,"column":14},"end":{"line":34,"column":37}},"type":"default-arg","locations":[{"start":{"line":34,"column":24},"end":{"line":34,"column":37}}],"line":34},"3":{"loc":{"start":{"line":42,"column":14},"end":{"line":42,"column":37}},"type":"default-arg","locations":[{"start":{"line":42,"column":24},"end":{"line":42,"column":37}}],"line":42}},"s":{"0":5,"1":5,"2":5,"3":2,"4":2,"5":1,"6":0,"7":1},"f":{"0":5,"1":2,"2":2,"3":1,"4":0},"b":{"0":[0],"1":[0],"2":[0],"3":[0]},"_coverageSchema":"1a1c01bbd47fc00a2c39e90264f33305004495a9","hash":"d05bff78a886dd57928db3087965578c0a3fff97"}
,"/home/stevan/springBoard/RhymingGame/backend/helpers/sql.js": {"path":"/home/stevan/springBoard/RhymingGame/backend/helpers/sql.js","statementMap":{"0":{"start":{"line":1,"column":28},"end":{"line":1,"column":62}},"1":{"start":{"line":21,"column":15},"end":{"line":21,"column":40}},"2":{"start":{"line":22,"column":2},"end":{"line":22,"column":62}},"3":{"start":{"line":22,"column":25},"end":{"line":22,"column":62}},"4":{"start":{"line":25,"column":15},"end":{"line":27,"column":3}},"5":{"start":{"line":26,"column":6},"end":{"line":26,"column":52}},"6":{"start":{"line":29,"column":2},"end":{"line":32,"column":4}},"7":{"start":{"line":35,"column":0},"end":{"line":35,"column":41}}},"fnMap":{"0":{"name":"sqlForPartialUpdate","decl":{"start":{"line":20,"column":9},"end":{"line":20,"column":28}},"loc":{"start":{"line":20,"column":52},"end":{"line":33,"column":1}},"line":20},"1":{"name":"(anonymous_1)","decl":{"start":{"line":25,"column":24},"end":{"line":25,"column":25}},"loc":{"start":{"line":26,"column":6},"end":{"line":26,"column":52}},"line":26}},"branchMap":{"0":{"loc":{"start":{"line":22,"column":2},"end":{"line":22,"column":62}},"type":"if","locations":[{"start":{"line":22,"column":2},"end":{"line":22,"column":62}},{"start":{},"end":{}}],"line":22},"1":{"loc":{"start":{"line":26,"column":10},"end":{"line":26,"column":37}},"type":"binary-expr","locations":[{"start":{"line":26,"column":10},"end":{"line":26,"column":26}},{"start":{"line":26,"column":30},"end":{"line":26,"column":37}}],"line":26}},"s":{"0":1,"1":0,"2":0,"3":0,"4":0,"5":0,"6":0,"7":1},"f":{"0":0,"1":0},"b":{"0":[0,0],"1":[0,0]},"_coverageSchema":"1a1c01bbd47fc00a2c39e90264f33305004495a9","hash":"074545a089f530be8e0c7087f427b3b46a2d34bf"}
,"/home/stevan/springBoard/RhymingGame/backend/models/_testCommon.js": {"path":"/home/stevan/springBoard/RhymingGame/backend/models/_testCommon.js","statementMap":{"0":{"start":{"line":1,"column":15},"end":{"line":1,"column":32}},"1":{"start":{"line":3,"column":11},"end":{"line":3,"column":30}},"2":{"start":{"line":4,"column":31},"end":{"line":4,"column":51}},"3":{"start":{"line":6,"column":19},"end":{"line":6,"column":21}},"4":{"start":{"line":11,"column":2},"end":{"line":11,"column":38}},"5":{"start":{"line":12,"column":2},"end":{"line":12,"column":45}},"6":{"start":{"line":15,"column":2},"end":{"line":41,"column":9}},"7":{"start":{"line":46,"column":2},"end":{"line":46,"column":26}},"8":{"start":{"line":50,"column":2},"end":{"line":50,"column":29}},"9":{"start":{"line":54,"column":2},"end":{"line":54,"column":17}},"10":{"start":{"line":58,"column":0},"end":{"line":64,"column":2}}},"fnMap":{"0":{"name":"commonBeforeAll","decl":{"start":{"line":8,"column":15},"end":{"line":8,"column":30}},"loc":{"start":{"line":8,"column":33},"end":{"line":43,"column":1}},"line":8},"1":{"name":"commonBeforeEach","decl":{"start":{"line":45,"column":15},"end":{"line":45,"column":31}},"loc":{"start":{"line":45,"column":34},"end":{"line":47,"column":1}},"line":45},"2":{"name":"commonAfterEach","decl":{"start":{"line":49,"column":15},"end":{"line":49,"column":30}},"loc":{"start":{"line":49,"column":33},"end":{"line":51,"column":1}},"line":49},"3":{"name":"commonAfterAll","decl":{"start":{"line":53,"column":15},"end":{"line":53,"column":29}},"loc":{"start":{"line":53,"column":32},"end":{"line":55,"column":1}},"line":53}},"branchMap":{},"s":{"0":1,"1":1,"2":1,"3":1,"4":1,"5":1,"6":1,"7":23,"8":23,"9":1,"10":1},"f":{"0":1,"1":23,"2":23,"3":1},"b":{},"_coverageSchema":"1a1c01bbd47fc00a2c39e90264f33305004495a9","hash":"f7b415535869ee35b2ec1f6f87980e4ecc32b4f1"}
,"/home/stevan/springBoard/RhymingGame/backend/models/user.js": {"path":"/home/stevan/springBoard/RhymingGame/backend/models/user.js","statementMap":{"0":{"start":{"line":3,"column":11},"end":{"line":3,"column":27}},"1":{"start":{"line":4,"column":15},"end":{"line":4,"column":32}},"2":{"start":{"line":5,"column":32},"end":{"line":5,"column":60}},"3":{"start":{"line":10,"column":4},"end":{"line":10,"column":38}},"4":{"start":{"line":12,"column":31},"end":{"line":12,"column":54}},"5":{"start":{"line":26,"column":19},"end":{"line":34,"column":5}},"6":{"start":{"line":36,"column":17},"end":{"line":36,"column":31}},"7":{"start":{"line":38,"column":4},"end":{"line":45,"column":5}},"8":{"start":{"line":40,"column":22},"end":{"line":40,"column":67}},"9":{"start":{"line":41,"column":6},"end":{"line":44,"column":7}},"10":{"start":{"line":42,"column":8},"end":{"line":42,"column":29}},"11":{"start":{"line":43,"column":8},"end":{"line":43,"column":20}},"12":{"start":{"line":47,"column":4},"end":{"line":47,"column":61}},"13":{"start":{"line":59,"column":27},"end":{"line":64,"column":5}},"14":{"start":{"line":66,"column":4},"end":{"line":68,"column":5}},"15":{"start":{"line":67,"column":6},"end":{"line":67,"column":67}},"16":{"start":{"line":70,"column":27},"end":{"line":70,"column":74}},"17":{"start":{"line":72,"column":19},"end":{"line":86,"column":5}},"18":{"start":{"line":88,"column":17},"end":{"line":88,"column":31}},"19":{"start":{"line":90,"column":4},"end":{"line":90,"column":16}},"20":{"start":{"line":99,"column":19},"end":{"line":112,"column":5}},"21":{"start":{"line":114,"column":4},"end":{"line":114,"column":23}},"22":{"start":{"line":126,"column":20},"end":{"line":140,"column":5}},"23":{"start":{"line":142,"column":17},"end":{"line":142,"column":32}},"24":{"start":{"line":144,"column":4},"end":{"line":144,"column":63}},"25":{"start":{"line":144,"column":15},"end":{"line":144,"column":63}},"26":{"start":{"line":146,"column":4},"end":{"line":146,"column":16}},"27":{"start":{"line":150,"column":20},"end":{"line":164,"column":5}},"28":{"start":{"line":166,"column":17},"end":{"line":166,"column":32}},"29":{"start":{"line":168,"column":4},"end":{"line":168,"column":50}},"30":{"start":{"line":168,"column":15},"end":{"line":168,"column":50}},"31":{"start":{"line":170,"column":4},"end":{"line":170,"column":16}},"32":{"start":{"line":177,"column":17},"end":{"line":183,"column":5}},"33":{"start":{"line":184,"column":17},"end":{"line":184,"column":31}},"34":{"start":{"line":186,"column":4},"end":{"line":186,"column":63}},"35":{"start":{"line":186,"column":15},"end":{"line":186,"column":63}},"36":{"start":{"line":191,"column":4},"end":{"line":191,"column":82}},"37":{"start":{"line":191,"column":23},"end":{"line":191,"column":82}},"38":{"start":{"line":193,"column":25},"end":{"line":196,"column":5}},"39":{"start":{"line":197,"column":4},"end":{"line":199,"column":5}},"40":{"start":{"line":198,"column":6},"end":{"line":198,"column":56}},"41":{"start":{"line":201,"column":18},"end":{"line":210,"column":5}},"42":{"start":{"line":211,"column":4},"end":{"line":211,"column":26}},"43":{"start":{"line":219,"column":18},"end":{"line":224,"column":5}},"44":{"start":{"line":225,"column":4},"end":{"line":229,"column":5}},"45":{"start":{"line":226,"column":6},"end":{"line":226,"column":25}},"46":{"start":{"line":228,"column":6},"end":{"line":228,"column":51}},"47":{"start":{"line":236,"column":18},"end":{"line":247,"column":18}},"48":{"start":{"line":248,"column":6},"end":{"line":248,"column":25}},"49":{"start":{"line":253,"column":20},"end":{"line":258,"column":7}},"50":{"start":{"line":259,"column":6},"end":{"line":263,"column":7}},"51":{"start":{"line":260,"column":6},"end":{"line":260,"column":40}},"52":{"start":{"line":262,"column":6},"end":{"line":262,"column":51}},"53":{"start":{"line":271,"column":18},"end":{"line":276,"column":5}},"54":{"start":{"line":277,"column":4},"end":{"line":281,"column":5}},"55":{"start":{"line":278,"column":6},"end":{"line":278,"column":32}},"56":{"start":{"line":280,"column":6},"end":{"line":280,"column":51}},"57":{"start":{"line":291,"column":15},"end":{"line":291,"column":39}},"58":{"start":{"line":292,"column":4},"end":{"line":292,"column":39}},"59":{"start":{"line":292,"column":14},"end":{"line":292,"column":39}},"60":{"start":{"line":294,"column":18},"end":{"line":294,"column":28}},"61":{"start":{"line":295,"column":18},"end":{"line":295,"column":42}},"62":{"start":{"line":298,"column":17},"end":{"line":298,"column":43}},"63":{"start":{"line":299,"column":29},"end":{"line":299,"column":41}},"64":{"start":{"line":300,"column":4},"end":{"line":305,"column":5}},"65":{"start":{"line":301,"column":6},"end":{"line":301,"column":16}},"66":{"start":{"line":302,"column":6},"end":{"line":302,"column":55}},"67":{"start":{"line":303,"column":6},"end":{"line":303,"column":41}},"68":{"start":{"line":304,"column":6},"end":{"line":304,"column":40}},"69":{"start":{"line":307,"column":4},"end":{"line":314,"column":5}},"70":{"start":{"line":315,"column":4},"end":{"line":315,"column":35}},"71":{"start":{"line":322,"column":19},"end":{"line":322,"column":43}},"72":{"start":{"line":323,"column":6},"end":{"line":337,"column":7}},"73":{"start":{"line":324,"column":8},"end":{"line":329,"column":51}},"74":{"start":{"line":331,"column":8},"end":{"line":335,"column":44}},"75":{"start":{"line":338,"column":4},"end":{"line":338,"column":35}},"76":{"start":{"line":347,"column":0},"end":{"line":347,"column":22}}},"fnMap":{"0":{"name":"(anonymous_0)","decl":{"start":{"line":24,"column":2},"end":{"line":24,"column":3}},"loc":{"start":{"line":24,"column":48},"end":{"line":48,"column":3}},"line":24},"1":{"name":"(anonymous_1)","decl":{"start":{"line":57,"column":2},"end":{"line":57,"column":3}},"loc":{"start":{"line":58,"column":45},"end":{"line":91,"column":3}},"line":58},"2":{"name":"(anonymous_2)","decl":{"start":{"line":98,"column":2},"end":{"line":98,"column":3}},"loc":{"start":{"line":98,"column":25},"end":{"line":115,"column":3}},"line":98},"3":{"name":"(anonymous_3)","decl":{"start":{"line":125,"column":2},"end":{"line":125,"column":3}},"loc":{"start":{"line":125,"column":29},"end":{"line":147,"column":3}},"line":125},"4":{"name":"(anonymous_4)","decl":{"start":{"line":149,"column":2},"end":{"line":149,"column":3}},"loc":{"start":{"line":149,"column":27},"end":{"line":171,"column":3}},"line":149},"5":{"name":"(anonymous_5)","decl":{"start":{"line":176,"column":2},"end":{"line":176,"column":3}},"loc":{"start":{"line":176,"column":32},"end":{"line":187,"column":3}},"line":176},"6":{"name":"(anonymous_6)","decl":{"start":{"line":190,"column":2},"end":{"line":190,"column":3}},"loc":{"start":{"line":190,"column":46},"end":{"line":213,"column":3}},"line":190},"7":{"name":"(anonymous_7)","decl":{"start":{"line":217,"column":2},"end":{"line":217,"column":3}},"loc":{"start":{"line":217,"column":39},"end":{"line":230,"column":3}},"line":217},"8":{"name":"(anonymous_8)","decl":{"start":{"line":235,"column":2},"end":{"line":235,"column":3}},"loc":{"start":{"line":235,"column":37},"end":{"line":249,"column":3}},"line":235},"9":{"name":"(anonymous_9)","decl":{"start":{"line":252,"column":2},"end":{"line":252,"column":3}},"loc":{"start":{"line":252,"column":35},"end":{"line":265,"column":3}},"line":252},"10":{"name":"(anonymous_10)","decl":{"start":{"line":270,"column":2},"end":{"line":270,"column":3}},"loc":{"start":{"line":270,"column":35},"end":{"line":282,"column":3}},"line":270},"11":{"name":"(anonymous_11)","decl":{"start":{"line":290,"column":2},"end":{"line":290,"column":3}},"loc":{"start":{"line":290,"column":36},"end":{"line":316,"column":3}},"line":290},"12":{"name":"(anonymous_12)","decl":{"start":{"line":321,"column":1},"end":{"line":321,"column":2}},"loc":{"start":{"line":321,"column":51},"end":{"line":341,"column":2}},"line":321}},"branchMap":{"0":{"loc":{"start":{"line":38,"column":4},"end":{"line":45,"column":5}},"type":"if","locations":[{"start":{"line":38,"column":4},"end":{"line":45,"column":5}},{"start":{},"end":{}}],"line":38},"1":{"loc":{"start":{"line":41,"column":6},"end":{"line":44,"column":7}},"type":"if","locations":[{"start":{"line":41,"column":6},"end":{"line":44,"column":7}},{"start":{},"end":{}}],"line":41},"2":{"loc":{"start":{"line":66,"column":4},"end":{"line":68,"column":5}},"type":"if","locations":[{"start":{"line":66,"column":4},"end":{"line":68,"column":5}},{"start":{},"end":{}}],"line":66},"3":{"loc":{"start":{"line":144,"column":4},"end":{"line":144,"column":63}},"type":"if","locations":[{"start":{"line":144,"column":4},"end":{"line":144,"column":63}},{"start":{},"end":{}}],"line":144},"4":{"loc":{"start":{"line":168,"column":4},"end":{"line":168,"column":50}},"type":"if","locations":[{"start":{"line":168,"column":4},"end":{"line":168,"column":50}},{"start":{},"end":{}}],"line":168},"5":{"loc":{"start":{"line":186,"column":4},"end":{"line":186,"column":63}},"type":"if","locations":[{"start":{"line":186,"column":4},"end":{"line":186,"column":63}},{"start":{},"end":{}}],"line":186},"6":{"loc":{"start":{"line":191,"column":4},"end":{"line":191,"column":82}},"type":"if","locations":[{"start":{"line":191,"column":4},"end":{"line":191,"column":82}},{"start":{},"end":{}}],"line":191},"7":{"loc":{"start":{"line":197,"column":4},"end":{"line":199,"column":5}},"type":"if","locations":[{"start":{"line":197,"column":4},"end":{"line":199,"column":5}},{"start":{},"end":{}}],"line":197},"8":{"loc":{"start":{"line":225,"column":4},"end":{"line":229,"column":5}},"type":"if","locations":[{"start":{"line":225,"column":4},"end":{"line":229,"column":5}},{"start":{"line":227,"column":9},"end":{"line":229,"column":5}}],"line":225},"9":{"loc":{"start":{"line":259,"column":6},"end":{"line":263,"column":7}},"type":"if","locations":[{"start":{"line":259,"column":6},"end":{"line":263,"column":7}},{"start":{"line":261,"column":11},"end":{"line":263,"column":7}}],"line":259},"10":{"loc":{"start":{"line":277,"column":4},"end":{"line":281,"column":5}},"type":"if","locations":[{"start":{"line":277,"column":4},"end":{"line":281,"column":5}},{"start":{"line":279,"column":9},"end":{"line":281,"column":5}}],"line":277},"11":{"loc":{"start":{"line":292,"column":4},"end":{"line":292,"column":39}},"type":"if","locations":[{"start":{"line":292,"column":4},"end":{"line":292,"column":39}},{"start":{},"end":{}}],"line":292},"12":{"loc":{"start":{"line":323,"column":6},"end":{"line":337,"column":7}},"type":"if","locations":[{"start":{"line":323,"column":6},"end":{"line":337,"column":7}},{"start":{"line":330,"column":11},"end":{"line":337,"column":7}}],"line":323}},"s":{"0":1,"1":1,"2":1,"3":1,"4":1,"5":3,"6":3,"7":3,"8":1,"9":1,"10":1,"11":1,"12":2,"13":4,"14":4,"15":1,"16":3,"17":3,"18":3,"19":3,"20":8,"21":0,"22":6,"23":0,"24":0,"25":0,"26":0,"27":0,"28":0,"29":0,"30":0,"31":0,"32":2,"33":2,"34":2,"35":1,"36":0,"37":0,"38":0,"39":0,"40":0,"41":0,"42":0,"43":0,"44":0,"45":0,"46":0,"47":0,"48":0,"49":0,"50":0,"51":0,"52":0,"53":1,"54":1,"55":0,"56":1,"57":0,"58":0,"59":0,"60":0,"61":0,"62":0,"63":0,"64":0,"65":0,"66":0,"67":0,"68":0,"69":0,"70":0,"71":0,"72":0,"73":0,"74":0,"75":0,"76":1},"f":{"0":3,"1":4,"2":8,"3":6,"4":0,"5":2,"6":0,"7":0,"8":0,"9":0,"10":1,"11":0,"12":0},"b":{"0":[1,2],"1":[1,0],"2":[1,3],"3":[0,0],"4":[0,0],"5":[1,1],"6":[0,0],"7":[0,0],"8":[0,0],"9":[0,0],"10":[0,1],"11":[0,0],"12":[0,0]},"_coverageSchema":"1a1c01bbd47fc00a2c39e90264f33305004495a9","hash":"1bd141eb11f7e9bea85b0935224a64a7d225f05e"}
}
