TN:
SF:config.js
FN:13,getDatabaseUri
FNF:1
FNH:1
FNDA:2,getDatabaseUri
DA:5,1
DA:6,1
DA:8,1
DA:10,1
DA:14,2
DA:22,1
DA:24,1
DA:25,1
DA:26,1
DA:27,1
DA:28,1
DA:29,1
DA:31,1
LF:13
LH:13
BRDA:8,0,0,1
BRDA:8,0,1,1
BRDA:10,1,0,1
BRDA:10,1,1,1
BRDA:14,2,0,2
BRDA:14,2,1,0
BRDA:16,3,0,0
BRDA:16,3,1,0
BRDA:22,4,0,1
BRDA:22,4,1,0
BRF:10
BRH:6
end_of_record
TN:
SF:db.js
FNF:0
FNH:0
DA:2,1
DA:3,1
DA:7,1
DA:8,0
DA:15,1
DA:20,1
DA:22,1
LF:7
LH:6
BRDA:7,0,0,0
BRDA:7,0,1,1
BRF:2
BRH:1
end_of_record
TN:
SF:helpers/expressError.js
FN:8,(anonymous_0)
FN:18,(anonymous_1)
FN:26,(anonymous_2)
FN:34,(anonymous_3)
FN:42,(anonymous_4)
FNF:5
FNH:4
FNDA:5,(anonymous_0)
FNDA:2,(anonymous_1)
FNDA:2,(anonymous_2)
FNDA:1,(anonymous_3)
FNDA:0,(anonymous_4)
DA:9,5
DA:10,5
DA:11,5
DA:19,2
DA:27,2
DA:35,1
DA:43,0
DA:47,1
LF:8
LH:7
BRDA:18,0,0,0
BRDA:26,1,0,0
BRDA:34,2,0,0
BRDA:42,3,0,0
BRF:4
BRH:0
end_of_record
TN:
SF:helpers/sql.js
FN:20,sqlForPartialUpdate
FN:25,(anonymous_1)
FNF:2
FNH:0
FNDA:0,sqlForPartialUpdate
FNDA:0,(anonymous_1)
DA:1,1
DA:21,0
DA:22,0
DA:25,0
DA:26,0
DA:29,0
DA:35,1
LF:7
LH:2
BRDA:22,0,0,0
BRDA:22,0,1,0
BRDA:26,1,0,0
BRDA:26,1,1,0
BRF:4
BRH:0
end_of_record
TN:
SF:models/_testCommon.js
FN:8,commonBeforeAll
FN:45,commonBeforeEach
FN:49,commonAfterEach
FN:53,commonAfterAll
FNF:4
FNH:4
FNDA:1,commonBeforeAll
FNDA:23,commonBeforeEach
FNDA:23,commonAfterEach
FNDA:1,commonAfterAll
DA:1,1
DA:3,1
DA:4,1
DA:6,1
DA:11,1
DA:12,1
DA:15,1
DA:46,23
DA:50,23
DA:54,1
DA:58,1
LF:11
LH:11
BRF:0
BRH:0
end_of_record
TN:
SF:models/user.js
FN:24,(anonymous_0)
FN:57,(anonymous_1)
FN:98,(anonymous_2)
FN:125,(anonymous_3)
FN:149,(anonymous_4)
FN:176,(anonymous_5)
FN:190,(anonymous_6)
FN:217,(anonymous_7)
FN:235,(anonymous_8)
FN:252,(anonymous_9)
FN:270,(anonymous_10)
FN:290,(anonymous_11)
FN:321,(anonymous_12)
FNF:13
FNH:6
FNDA:3,(anonymous_0)
FNDA:4,(anonymous_1)
FNDA:8,(anonymous_2)
FNDA:6,(anonymous_3)
FNDA:0,(anonymous_4)
FNDA:2,(anonymous_5)
FNDA:0,(anonymous_6)
FNDA:0,(anonymous_7)
FNDA:0,(anonymous_8)
FNDA:0,(anonymous_9)
FNDA:1,(anonymous_10)
FNDA:0,(anonymous_11)
FNDA:0,(anonymous_12)
DA:3,1
DA:4,1
DA:5,1
DA:10,1
DA:12,1
DA:26,3
DA:36,3
DA:38,3
DA:40,1
DA:41,1
DA:42,1
DA:43,1
DA:47,2
DA:59,4
DA:66,4
DA:67,1
DA:70,3
DA:72,3
DA:88,3
DA:90,3
DA:99,8
DA:114,0
DA:126,6
DA:142,0
DA:144,0
DA:146,0
DA:150,0
DA:166,0
DA:168,0
DA:170,0
DA:177,2
DA:184,2
DA:186,2
DA:191,0
DA:193,0
DA:197,0
DA:198,0
DA:201,0
DA:211,0
DA:219,0
DA:225,0
DA:226,0
DA:228,0
DA:236,0
DA:248,0
DA:253,0
DA:259,0
DA:260,0
DA:262,0
DA:271,1
DA:277,1
DA:278,0
DA:280,1
DA:291,0
DA:292,0
DA:294,0
DA:295,0
DA:298,0
DA:299,0
DA:300,0
DA:301,0
DA:302,0
DA:303,0
DA:304,0
DA:307,0
DA:315,0
DA:322,0
DA:323,0
DA:324,0
DA:331,0
DA:338,0
DA:347,1
LF:72
LH:29
BRDA:38,0,0,1
BRDA:38,0,1,2
BRDA:41,1,0,1
BRDA:41,1,1,0
BRDA:66,2,0,1
BRDA:66,2,1,3
BRDA:144,3,0,0
BRDA:144,3,1,0
BRDA:168,4,0,0
BRDA:168,4,1,0
BRDA:186,5,0,1
BRDA:186,5,1,1
BRDA:191,6,0,0
BRDA:191,6,1,0
BRDA:197,7,0,0
BRDA:197,7,1,0
BRDA:225,8,0,0
BRDA:225,8,1,0
BRDA:259,9,0,0
BRDA:259,9,1,0
BRDA:277,10,0,0
BRDA:277,10,1,1
BRDA:292,11,0,0
BRDA:292,11,1,0
BRDA:323,12,0,0
BRDA:323,12,1,0
BRF:26
BRH:8
end_of_record
