TN:
SF:_testCommon.js
FN:8,commonBeforeAll
FN:46,commonBeforeEach
FN:50,commonAfterEach
FN:54,commonAfterAll
FNF:4
FNH:4
FNDA:1,commonBeforeAll
FNDA:22,commonBeforeEach
FNDA:22,commonAfterEach
FNDA:1,commonAfterAll
DA:1,1
DA:3,1
DA:4,1
DA:6,1
DA:11,1
DA:12,1
DA:15,1
DA:47,22
DA:51,22
DA:55,1
DA:59,1
LF:11
LH:11
BRF:0
BRH:0
end_of_record
TN:
SF:user.js
FN:23,(anonymous_0)
FN:56,(anonymous_1)
FN:97,(anonymous_2)
FN:124,(anonymous_3)
FN:148,(anonymous_4)
FN:175,(anonymous_5)
FN:189,(anonymous_6)
FN:216,(anonymous_7)
FN:237,(anonymous_8)
FN:252,(anonymous_9)
FN:272,(anonymous_10)
FN:290,(anonymous_11)
FN:307,(anonymous_12)
FN:338,(anonymous_13)
FNF:14
FNH:13
FNDA:3,(anonymous_0)
FNDA:4,(anonymous_1)
FNDA:8,(anonymous_2)
FNDA:18,(anonymous_3)
FNDA:1,(anonymous_4)
FNDA:2,(anonymous_5)
FNDA:8,(anonymous_6)
FNDA:6,(anonymous_7)
FNDA:0,(anonymous_8)
FNDA:2,(anonymous_9)
FNDA:2,(anonymous_10)
FNDA:1,(anonymous_11)
FNDA:2,(anonymous_12)
FNDA:2,(anonymous_13)
DA:3,1
DA:4,1
DA:9,1
DA:11,1
DA:25,3
DA:35,3
DA:37,3
DA:39,1
DA:40,1
DA:41,1
DA:42,1
DA:46,2
DA:58,4
DA:65,4
DA:66,1
DA:69,3
DA:71,3
DA:87,3
DA:89,3
DA:98,8
DA:113,8
DA:125,18
DA:141,18
DA:143,18
DA:145,16
DA:149,1
DA:165,1
DA:167,1
DA:169,1
DA:176,2
DA:183,2
DA:185,2
DA:190,8
DA:192,7
DA:196,7
DA:197,1
DA:200,6
DA:210,6
DA:218,6
DA:229,6
DA:230,4
DA:232,2
DA:238,0
DA:245,0
DA:253,2
DA:268,2
DA:273,2
DA:279,2
DA:280,2
DA:282,0
DA:291,1
DA:297,1
DA:298,1
DA:300,0
DA:308,2
DA:309,2
DA:311,2
DA:312,2
DA:315,2
DA:316,2
DA:317,2
DA:318,2
DA:319,2
DA:320,2
DA:321,2
DA:324,2
DA:332,2
DA:339,2
DA:340,2
DA:341,1
DA:348,1
DA:355,2
DA:364,1
LF:73
LH:69
BRDA:37,0,0,1
BRDA:37,0,1,2
BRDA:40,1,0,1
BRDA:40,1,1,0
BRDA:65,2,0,1
BRDA:65,2,1,3
BRDA:143,3,0,2
BRDA:143,3,1,16
BRDA:167,4,0,0
BRDA:167,4,1,1
BRDA:185,5,0,1
BRDA:185,5,1,1
BRDA:190,6,0,1
BRDA:190,6,1,7
BRDA:196,7,0,1
BRDA:196,7,1,6
BRDA:229,8,0,4
BRDA:229,8,1,2
BRDA:279,9,0,2
BRDA:279,9,1,0
BRDA:297,10,0,1
BRDA:297,10,1,0
BRDA:309,11,0,0
BRDA:309,11,1,2
BRDA:340,12,0,1
BRDA:340,12,1,1
BRF:26
BRH:21
end_of_record
